Sun May 18 03:58:27 PM IST 2025 INFO - initAID - Set AID from STEAM_COMPAT_APP_ID to '0'
Sun May 18 03:58:27 PM IST 2025 INFO - initAID - Set AID to PLACEHOLDERAID '31337'
Sun May 18 03:58:27 PM IST 2025 INFO - initAID - Set OSCDP to STEAM_COMPAT_DATA_PATH '/home/frav/.local/share/Steam/steamapps/compatdata/0'
Sun May 18 03:58:27 PM IST 2025 INFO - loadLangFile - Language from command line is 'english'
Sun May 18 03:58:27 PM IST 2025 INFO - loadLangFile - SYSTEMSTLCFGDIR is '/usr/share/steamtinkerlaunch'
Sun May 18 03:58:27 PM IST 2025 INFO - loadLangFile - Command line language 'english' is no file - trying to find its absolute path
Sun May 18 03:58:27 PM IST 2025 INFO - loadLangFile - Loading found user-installed /home/frav/.config/steamtinkerlaunch/lang/english.txt
Sun May 18 03:58:27 PM IST 2025 INFO - getCurrentCommandline - No Proton in command line arguments 'run /home/frav/.local/share/Steam/ubuntu12_32/../bin/d3ddriverquery64.exe -d3d12'
Sun May 18 03:58:27 PM IST 2025 INFO - saveOrgVars - Storing some original variables to restore them later
Sun May 18 03:58:27 PM IST 2025 INFO - emptyVars - Emptied some original variables as they slowdown several system calls when started from steam
Sun May 18 03:58:27 PM IST 2025 INFO - emptyVars - Set $PATH to '/sbin:/bin:/usr/local/sbin:/usr/local/bin:/usr/sbin:/usr/bin:/var/lib/flatpak/exports/bin:/usr/bin/site_perl:/usr/bin/vendor_perl:/usr/bin/core_perl:'
Sun May 18 03:58:27 PM IST 2025 START - ######### Initializing Game Launch 31337 using SteamTinkerLaunch v12.12 #########
Sun May 18 03:58:27 PM IST 2025 INFO - main - Starting with a clean log
Sun May 18 03:58:27 PM IST 2025 INFO - main - Start creating default configs
Sun May 18 03:58:27 PM IST 2025 INFO - createDefaultCfgs - START
Sun May 18 03:58:27 PM IST 2025 INFO - loadLanguage - First load the default language 'english' to make sure all variables are filled
Sun May 18 03:58:27 PM IST 2025 INFO - loadLangFile - Language from command line is 'english'
Sun May 18 03:58:27 PM IST 2025 INFO - loadLangFile - GLOBALSTLLANGDIR is '/home/frav/stl/prefix/lang'
Sun May 18 03:58:27 PM IST 2025 INFO - loadLangFile - Command line language 'english' is no file - trying to find its absolute path
Sun May 18 03:58:27 PM IST 2025 INFO - loadLangFile - Found user-installed /home/frav/.config/steamtinkerlaunch/lang/english.txt, attempting to update it
Sun May 18 03:58:27 PM IST 2025 INFO - loadLangFile - Found lang file to replace the existing user-installed file with under '/home/frav/stl/prefix/lang/english.txt'
Sun May 18 03:58:27 PM IST 2025 INFO - loadLangFile - Loading found user-installed /home/frav/.config/steamtinkerlaunch/lang/english.txt
Sun May 18 03:58:27 PM IST 2025 WARN - updateEditor - 'xdg-open' selected as editor or configured editor not found - trying to find an installed editor installed
Sun May 18 03:58:27 PM IST 2025 INFO - updateEditor - No valid editor found - will fall back to 'xdg-open'.
Sun May 18 03:58:27 PM IST 2025 INFO - loadLanguage - Loading STLLANG from '/home/frav/.config/steamtinkerlaunch/global.conf'
Sun May 18 03:58:27 PM IST 2025 INFO - loadLanguage - STLLANG from '/home/frav/.config/steamtinkerlaunch/global.conf' is 'english'
Sun May 18 03:58:27 PM IST 2025 INFO - createDefaultCfgs - setSteamPaths:
Sun May 18 03:58:27 PM IST 2025 INFO - setSteamPaths - Reading Steam Path variables from '/dev/shm/steamtinkerlaunch/steampaths.txt'
Sun May 18 03:58:27 PM IST 2025 WARN - updateEditor - 'xdg-open' selected as editor or configured editor not found - trying to find an installed editor installed
Sun May 18 03:58:27 PM IST 2025 INFO - updateEditor - No valid editor found - will fall back to 'xdg-open'.
Sun May 18 03:58:27 PM IST 2025 INFO - getGameOS - Starting game OS detection
Sun May 18 03:58:27 PM IST 2025 WARN - getGameOS - Could not extract the full game binary path from the incoming game launch command, so assuming this is a Windows game!
Sun May 18 03:58:27 PM IST 2025 INFO - setWin - '' determined to be a Windows Game
Sun May 18 03:58:27 PM IST 2025 INFO - delEmptyFile - Removing empty file '/dev/shm/steamtinkerlaunch/ProtonCSV.txt'
Sun May 18 03:58:27 PM IST 2025 INFO - createDefaultCfgs - createProtonList:
Sun May 18 03:58:27 PM IST 2025 INFO - createProtonList - Looking for available Proton versions
Sun May 18 03:58:27 PM IST 2025 INFO - getAvailableProtonVersions - Initially creating an array with available Proton versions
Sun May 18 03:58:27 PM IST 2025 INFO - getAvailableProtonVersions - Adding Proton versions found in STEAMCOMPATOOLS '/home/frav/.local/share/Steam/compatibilitytools.d'
Sun May 18 03:58:27 PM IST 2025 INFO - getAvailableProtonVersions - Found proton directory: '/home/frav/.local/share/Steam/compatibilitytools.d/GE-Proton9-27/proton'
Sun May 18 03:58:27 PM IST 2025 SKIP - getAvailableProtonVersions - Directory SYSSTEAMCOMPATOOLS '/usr/share/steam/compatibilitytools.d' not found - skipping
Sun May 18 03:58:27 PM IST 2025 INFO - getAvailableProtonVersions - Adding Proton versions found in additional SteamLibrary Paths
Sun May 18 03:58:27 PM IST 2025 INFO - getAvailableProtonVersions - Adding Proton versions found in CUSTOMPROTONLIST '/home/frav/.config/steamtinkerlaunch/protonlist.txt'
Sun May 18 03:58:27 PM IST 2025 INFO - getAvailableProtonVersions - Checking line '' in '/home/frav/.config/steamtinkerlaunch/protonlist.txt'
Sun May 18 03:58:27 PM IST 2025 INFO - getAvailableProtonVersions - Removing invalid line '' from '/home/frav/.config/steamtinkerlaunch/protonlist.txt'
Sun May 18 03:58:27 PM IST 2025 INFO - createDefaultCfgs - createProtonList end
Sun May 18 03:58:27 PM IST 2025 INFO - delEmptyFile - Removing empty file '/dev/shm/steamtinkerlaunch/ProtonCSV.txt'
Sun May 18 03:58:27 PM IST 2025 INFO - createProtonList - Looking for available Proton versions
Sun May 18 03:58:27 PM IST 2025 INFO - getAvailableProtonVersions - Initially creating an array with available Proton versions
Sun May 18 03:58:27 PM IST 2025 INFO - getAvailableProtonVersions - Adding Proton versions found in STEAMCOMPATOOLS '/home/frav/.local/share/Steam/compatibilitytools.d'
Sun May 18 03:58:27 PM IST 2025 INFO - getAvailableProtonVersions - Found proton directory: '/home/frav/.local/share/Steam/compatibilitytools.d/GE-Proton9-27/proton'
Sun May 18 03:58:27 PM IST 2025 SKIP - fillProtonCSV - '"GE-Proton9-27";"/home/frav/.local/share/Steam/compatibilitytools.d/GE-Proton9-27/proton"' is already in the Proton array
Sun May 18 03:58:27 PM IST 2025 SKIP - getAvailableProtonVersions - Directory SYSSTEAMCOMPATOOLS '/usr/share/steam/compatibilitytools.d' not found - skipping
Sun May 18 03:58:27 PM IST 2025 INFO - getAvailableProtonVersions - Adding Proton versions found in additional SteamLibrary Paths
Sun May 18 03:58:27 PM IST 2025 INFO - getAvailableProtonVersions - Adding Proton versions found in CUSTOMPROTONLIST '/home/frav/.config/steamtinkerlaunch/protonlist.txt'
Sun May 18 03:58:27 PM IST 2025 INFO - getAvailableProtonVersions - Checking line '' in '/home/frav/.config/steamtinkerlaunch/protonlist.txt'
Sun May 18 03:58:27 PM IST 2025 INFO - getAvailableProtonVersions - Removing invalid line '' from '/home/frav/.config/steamtinkerlaunch/protonlist.txt'
Sun May 18 03:58:28 PM IST 2025 INFO - listAllSettingsEntries - '/dev/shm/steamtinkerlaunch/setentries.txt' already exists - nothing to do
Sun May 18 03:58:28 PM IST 2025 INFO - createDefaultCfgs - STOP
Sun May 18 03:58:28 PM IST 2025 SKIP - listSteamLibraries - not recreating already available '/dev/shm/steamtinkerlaunch/SteamLibraries.txt'
Sun May 18 03:58:28 PM IST 2025 INFO - setSteamLibraryPaths - STEAM_COMPAT_LIBRARY_PATHS set to '/home/frav/.local/share/Steam/steamapps'
Sun May 18 03:58:28 PM IST 2025 INFO - setSteamLibraryPaths - STEAM_COMPAT_MOUNTS set to '/home/frav/.local/share/Steam/steamapps/common/Steamworks Shared:/home/frav/.local/share/Steam/steamapps/common/SteamLinuxRuntime:/home/frav/.local/share/Steam/steamapps/common/SteamLinuxRuntime_soldier:/home/frav/.local/share/Steam/steamapps/common/SteamLinuxRuntime_sniper'
Sun May 18 03:58:28 PM IST 2025 INFO - setSteamLibraryPaths - STEAM_COMPAT_TOOL_PATHS set to '/home/frav/.local/share/Steam/steamapps/common/Steamworks Shared:/home/frav/.local/share/Steam/steamapps/common/SteamLinuxRuntime:/home/frav/.local/share/Steam/steamapps/common/SteamLinuxRuntime_soldier:/home/frav/.local/share/Steam/steamapps/common/SteamLinuxRuntime_sniper'
Sun May 18 03:58:28 PM IST 2025 INFO - main - Checking internal dependencies:
Sun May 18 03:58:28 PM IST 2025 INFO - checkIntDeps - Result of version check for yad binary '/usr/bin/yad' is '14.1'
Sun May 18 03:58:28 PM IST 2025 INFO - main - Initializing first Proton:
Sun May 18 03:58:28 PM IST 2025 INFO - delEmptyFile - Removing empty file '/dev/shm/steamtinkerlaunch/ProtonCSV.txt'
Sun May 18 03:58:28 PM IST 2025 INFO - initFirstProton - Initializing Proton
Sun May 18 03:58:28 PM IST 2025 INFO - initFirstProton - No Proton version available in template yet - searching for one
Sun May 18 03:58:28 PM IST 2025 INFO - createProtonList - Looking for available Proton versions
Sun May 18 03:58:28 PM IST 2025 INFO - getAvailableProtonVersions - Initially creating an array with available Proton versions
Sun May 18 03:58:28 PM IST 2025 INFO - getAvailableProtonVersions - Adding Proton versions found in STEAMCOMPATOOLS '/home/frav/.local/share/Steam/compatibilitytools.d'
Sun May 18 03:58:28 PM IST 2025 INFO - getAvailableProtonVersions - Found proton directory: '/home/frav/.local/share/Steam/compatibilitytools.d/GE-Proton9-27/proton'
Sun May 18 03:58:28 PM IST 2025 SKIP - fillProtonCSV - '"GE-Proton9-27";"/home/frav/.local/share/Steam/compatibilitytools.d/GE-Proton9-27/proton"' is already in the Proton array
Sun May 18 03:58:28 PM IST 2025 SKIP - getAvailableProtonVersions - Directory SYSSTEAMCOMPATOOLS '/usr/share/steam/compatibilitytools.d' not found - skipping
Sun May 18 03:58:28 PM IST 2025 INFO - getAvailableProtonVersions - Adding Proton versions found in additional SteamLibrary Paths
Sun May 18 03:58:28 PM IST 2025 INFO - getAvailableProtonVersions - Adding Proton versions found in CUSTOMPROTONLIST '/home/frav/.config/steamtinkerlaunch/protonlist.txt'
Sun May 18 03:58:28 PM IST 2025 INFO - getAvailableProtonVersions - Checking line '' in '/home/frav/.config/steamtinkerlaunch/protonlist.txt'
Sun May 18 03:58:28 PM IST 2025 INFO - getAvailableProtonVersions - Removing invalid line '' from '/home/frav/.config/steamtinkerlaunch/protonlist.txt'
Sun May 18 03:58:28 PM IST 2025 INFO - initFirstProton - Updated 'USEPROTON' in '/home/frav/.config/steamtinkerlaunch/default_template.conf' to ''
Sun May 18 03:58:28 PM IST 2025 INFO - delEmptyFile - Removing empty file '/dev/shm/steamtinkerlaunch/ProtonCSV.txt'
Sun May 18 03:58:28 PM IST 2025 INFO - getProtPathFromCSV - Creating '/dev/shm/steamtinkerlaunch/ProtonCSV.txt'
Sun May 18 03:58:28 PM IST 2025 INFO - getAvailableProtonVersions - Initially creating an array with available Proton versions
Sun May 18 03:58:28 PM IST 2025 INFO - getAvailableProtonVersions - Adding Proton versions found in STEAMCOMPATOOLS '/home/frav/.local/share/Steam/compatibilitytools.d'
Sun May 18 03:58:28 PM IST 2025 INFO - getAvailableProtonVersions - Found proton directory: '/home/frav/.local/share/Steam/compatibilitytools.d/GE-Proton9-27/proton'
Sun May 18 03:58:28 PM IST 2025 SKIP - fillProtonCSV - '"GE-Proton9-27";"/home/frav/.local/share/Steam/compatibilitytools.d/GE-Proton9-27/proton"' is already in the Proton array
Sun May 18 03:58:28 PM IST 2025 SKIP - getAvailableProtonVersions - Directory SYSSTEAMCOMPATOOLS '/usr/share/steam/compatibilitytools.d' not found - skipping
Sun May 18 03:58:28 PM IST 2025 INFO - getAvailableProtonVersions - Adding Proton versions found in additional SteamLibrary Paths
Sun May 18 03:58:28 PM IST 2025 INFO - getAvailableProtonVersions - Adding Proton versions found in CUSTOMPROTONLIST '/home/frav/.config/steamtinkerlaunch/protonlist.txt'
Sun May 18 03:58:28 PM IST 2025 INFO - getAvailableProtonVersions - Checking line '' in '/home/frav/.config/steamtinkerlaunch/protonlist.txt'
Sun May 18 03:58:28 PM IST 2025 INFO - getAvailableProtonVersions - Removing invalid line '' from '/home/frav/.config/steamtinkerlaunch/protonlist.txt'
Sun May 18 03:58:28 PM IST 2025 INFO - initFirstProton - Initial Proton version 'FIRSTUSEPROTON' from '/home/frav/.config/steamtinkerlaunch/default_template.conf' is ''
Sun May 18 03:58:28 PM IST 2025 INFO - main - Initializing default window resolution
Sun May 18 03:58:28 PM IST 2025 INFO - setInitWinXY - Using '1440x810' from config '/dev/shm/steamtinkerlaunch/defres.txt'
Sun May 18 03:58:28 PM IST 2025 INFO - main - Welcome to SteamTinkerLaunch
Sun May 18 03:58:28 PM IST 2025 INFO - removeEmptyFiles - Removing empty files from '/home/frav/.config/steamtinkerlaunch/games/appinfo'
Sun May 18 03:58:28 PM IST 2025 INFO - removeEmptyFiles - Removing empty files from '/home/frav/.config/steamtinkerlaunch/games/header'
Sun May 18 03:58:28 PM IST 2025 INFO - main - Checking command line: incoming arguments 'run /home/frav/.local/share/Steam/ubuntu12_32/../bin/d3ddriverquery64.exe -d3d12'
